<?xml version="1.0" encoding="UTF-8"?>
<testng-results ignored="0" total="3" passed="3" failed="0" skipped="0">
  <reporter-output>
  </reporter-output>
  <suite started-at="2020-10-22T00:21:41 EDT" name="Suite" finished-at="2020-10-22T00:21:41 EDT" duration-ms="104">
    <groups>
    </groups>
    <test started-at="2020-10-22T00:21:41 EDT" name="Test" finished-at="2020-10-22T00:21:41 EDT" duration-ms="104">
      <class name="TestNG.demo1">
        <test-method signature="demo()[pri:0, instance:TestNG.demo1@5ace1ed4]" started-at="2020-10-22T00:21:41 EDT" name="demo" finished-at="2020-10-22T00:21:41 EDT" duration-ms="15" status="PASS">
          <reporter-output>
          </reporter-output>
        </test-method> <!-- demo -->
        <test-method signature="demo3()[pri:0, instance:TestNG.demo1@5ace1ed4]" started-at="2020-10-22T00:21:41 EDT" name="demo3" finished-at="2020-10-22T00:21:41 EDT" duration-ms="3" status="PASS">
          <reporter-output>
          </reporter-output>
        </test-method> <!-- demo3 -->
      </class> <!-- TestNG.demo1 -->
      <class name="TestNG.demo2">
        <test-method signature="hello()[pri:0, instance:TestNG.demo2@1613674b]" started-at="2020-10-22T00:21:41 EDT" name="hello" finished-at="2020-10-22T00:21:41 EDT" duration-ms="5" status="PASS">
          <reporter-output>
          </reporter-output>
        </test-method> <!-- hello -->
      </class> <!-- TestNG.demo2 -->
    </test> <!-- Test -->
  </suite> <!-- Suite -->
</testng-results>
