<?xml version="1.0" encoding="UTF-8"?>
<!-- Generated by org.testng.reporters.JUnitXMLReporter -->
<testsuite hostname="DESKTOP-2UOB7HG" ignored="0" name="Surefire test" tests="6" failures="0" timestamp="2020-11-06T15:56:19 EST" time="0.088" errors="0">
  <testcase name="Oct1 on Oct1(AutomationPractice.MavenJava.AppiumTest)" time="0.011" classname="AutomationPractice.MavenJava.AppiumTest"/>
  <testcase name="Oct2 on Oct2(AutomationPractice.MavenJava.AppiumTest)" time="0.011" classname="AutomationPractice.MavenJava.AppiumTest"/>
  <testcase name="November1 on November1(AutomationPractice.MavenJava.RestAPITest)" time="0.002" classname="AutomationPractice.MavenJava.RestAPITest"/>
  <testcase name="November2 on November2(AutomationPractice.MavenJava.RestAPITest)" time="0.007" classname="AutomationPractice.MavenJava.RestAPITest"/>
  <testcase name="Test1 on Test1(AutomationPractice.MavenJava.SeleniumTest)" time="0.002" classname="AutomationPractice.MavenJava.SeleniumTest"/>
  <testcase name="SelTest2 on SelTest2(AutomationPractice.MavenJava.SeleniumTest)" time="0.005" classname="AutomationPractice.MavenJava.SeleniumTest"/>
</testsuite> <!-- Surefire test -->
