<?xml version="1.0" encoding="UTF-8"?>
<!-- Generated by org.testng.reporters.JUnitXMLReporter -->
<testsuite ignored="0" hostname="DESKTOP-2UOB7HG" failures="0" tests="0" time="9.013" errors="0" timestamp="2020-11-07T12:17:51 EST">
  <testcase classname="Framework.RS_End2End.VerifyTitle" name="@BeforeTest basePagenavigation" time="9.004">
    <failure type="java.lang.AssertionError" message="expected [AN ACEDEMY TO LEARN EVERYTHING ABOUT TESTING] but found [AN ACADEMY TO LEARN EVERYTHING ABOUT TESTING]">
      <![CDATA[java.lang.AssertionError: expected [AN ACEDEMY TO LEARN EVERYTHING ABOUT TESTING] but found [AN ACADEMY TO LEARN EVERYTHING ABOUT TESTING]
at Framework.RS_End2End.VerifyTitle.basePagenavigation(VerifyTitle.java:29)
... Removed 30 stack frames]]>
    </failure>
  </testcase> <!-- @BeforeTest basePagenavigation -->
</testsuite>
