<?xml version="1.0" encoding="UTF-8"?>
<testng-results skipped="0" failed="0" ignored="0" total="6" passed="6">
  <reporter-output>
  </reporter-output>
  <suite name="Surefire suite" duration-ms="88" started-at="2020-11-06T15:56:19 EST" finished-at="2020-11-06T15:56:19 EST">
    <groups>
    </groups>
    <test name="Surefire test" duration-ms="88" started-at="2020-11-06T15:56:19 EST" finished-at="2020-11-06T15:56:19 EST">
      <class name="AutomationPractice.MavenJava.SeleniumTest">
        <test-method status="PASS" signature="Test1()" name="Test1" duration-ms="2" started-at="2020-11-06T15:56:19 EST" finished-at="2020-11-06T15:56:19 EST">
          <reporter-output>
          </reporter-output>
        </test-method> <!-- Test1 -->
        <test-method status="PASS" signature="SelTest2()" name="SelTest2" duration-ms="5" started-at="2020-11-06T15:56:19 EST" finished-at="2020-11-06T15:56:19 EST">
          <reporter-output>
          </reporter-output>
        </test-method> <!-- SelTest2 -->
      </class> <!-- AutomationPractice.MavenJava.SeleniumTest -->
      <class name="AutomationPractice.MavenJava.AppiumTest">
        <test-method status="PASS" signature="Oct1()" name="Oct1" duration-ms="11" started-at="2020-11-06T15:56:19 EST" finished-at="2020-11-06T15:56:19 EST">
          <reporter-output>
          </reporter-output>
        </test-method> <!-- Oct1 -->
        <test-method status="PASS" signature="Oct2()" name="Oct2" duration-ms="11" started-at="2020-11-06T15:56:19 EST" finished-at="2020-11-06T15:56:19 EST">
          <reporter-output>
          </reporter-output>
        </test-method> <!-- Oct2 -->
      </class> <!-- AutomationPractice.MavenJava.AppiumTest -->
      <class name="AutomationPractice.MavenJava.RestAPITest">
        <test-method status="PASS" signature="November2()" name="November2" duration-ms="7" started-at="2020-11-06T15:56:19 EST" finished-at="2020-11-06T15:56:19 EST">
          <reporter-output>
          </reporter-output>
        </test-method> <!-- November2 -->
        <test-method status="PASS" signature="November1()" name="November1" duration-ms="2" started-at="2020-11-06T15:56:19 EST" finished-at="2020-11-06T15:56:19 EST">
          <reporter-output>
          </reporter-output>
        </test-method> <!-- November1 -->
      </class> <!-- AutomationPractice.MavenJava.RestAPITest -->
    </test> <!-- Surefire test -->
  </suite> <!-- Surefire suite -->
</testng-results>
