<?xml version="1.0" encoding="UTF-8"?>
<testng-results ignored="0" total="1" passed="1" failed="0" skipped="0">
  <reporter-output>
  </reporter-output>
  <suite started-at="2020-11-07T13:27:53 EST" name="Default suite" finished-at="2020-11-07T13:28:11 EST" duration-ms="18254">
    <groups>
    </groups>
    <test started-at="2020-11-07T13:27:53 EST" name="Default test" finished-at="2020-11-07T13:28:11 EST" duration-ms="18254">
      <class name="AutomationPractice.ExtentReports.ExtentreportDemo">
        <test-method is-config="true" signature="config()[pri:0, instance:AutomationPractice.ExtentReports.ExtentreportDemo@59af0466]" started-at="2020-11-07T13:27:53 EST" name="config" finished-at="2020-11-07T13:27:53 EST" duration-ms="616" status="PASS">
          <reporter-output>
          </reporter-output>
        </test-method> <!-- config -->
        <test-method signature="demo()[pri:0, instance:AutomationPractice.ExtentReports.ExtentreportDemo@59af0466]" started-at="2020-11-07T13:27:53 EST" name="demo" finished-at="2020-11-07T13:28:11 EST" duration-ms="17580" status="PASS">
          <reporter-output>
          </reporter-output>
        </test-method> <!-- demo -->
      </class> <!-- AutomationPractice.ExtentReports.ExtentreportDemo -->
    </test> <!-- Default test -->
  </suite> <!-- Default suite -->
</testng-results>
