<?xml version="1.0" encoding="UTF-8"?>
<testng-results ignored="0" total="1" passed="1" failed="0" skipped="0">
  <reporter-output>
  </reporter-output>
  <suite started-at="2020-11-05T21:20:45 EST" name="Default suite" finished-at="2020-11-05T21:20:52 EST" duration-ms="6840">
    <groups>
    </groups>
    <test started-at="2020-11-05T21:20:45 EST" name="Default test" finished-at="2020-11-05T21:20:52 EST" duration-ms="6840">
      <class name="RedifTestcases.LoginapplicationPOF">
        <test-method signature="login()[pri:0, instance:RedifTestcases.LoginapplicationPOF@5ab9e72c]" started-at="2020-11-05T21:20:45 EST" name="login" finished-at="2020-11-05T21:20:52 EST" duration-ms="6800" status="PASS">
          <reporter-output>
          </reporter-output>
        </test-method> <!-- login -->
      </class> <!-- RedifTestcases.LoginapplicationPOF -->
    </test> <!-- Default test -->
  </suite> <!-- Default suite -->
</testng-results>
