<?xml version="1.0" encoding="UTF-8"?>
<!-- Generated by org.testng.reporters.JUnitXMLReporter -->
<testsuite ignored="0" hostname="DESKTOP-2UOB7HG" failures="0" tests="5" name="Car Test" time="0.025" errors="0" timestamp="2020-11-04T16:59:41 EST">
  <testcase classname="Demo3" name="API3TC" time="0.002"/>
  <testcase classname="Demo3" name="NinthTC" time="0.002"/>
  <testcase classname="Demo3" name="SeventhTC" time="0.001"/>
  <testcase classname="Demo3" name="SeventhTC" time="0.001"/>
  <testcase classname="Demo3" name="SeventhTC" time="0.003"/>
</testsuite> <!-- Car Test -->
