<?xml version="1.0" encoding="UTF-8"?>
<testng-results ignored="0" total="1" passed="1" failed="0" skipped="0">
  <reporter-output>
  </reporter-output>
  <suite started-at="2020-11-19T10:54:05 EST" name="Default suite" finished-at="2020-11-19T10:54:32 EST" duration-ms="27028">
    <groups>
    </groups>
    <test started-at="2020-11-19T10:54:05 EST" name="Default test" finished-at="2020-11-19T10:54:32 EST" duration-ms="27028">
      <class name="Calendar.Calendardemo">
        <test-method signature="testDAtePicker()[pri:0, instance:Calendar.Calendardemo@1668919e]" started-at="2020-11-19T10:54:05 EST" name="testDAtePicker" finished-at="2020-11-19T10:54:32 EST" duration-ms="26927" status="PASS">
          <reporter-output>
          </reporter-output>
        </test-method> <!-- testDAtePicker -->
      </class> <!-- Calendar.Calendardemo -->
    </test> <!-- Default test -->
  </suite> <!-- Default suite -->
</testng-results>
