<?xml version="1.0" encoding="UTF-8"?>
<testng-results ignored="0" total="1" passed="1" failed="0" skipped="0">
  <reporter-output>
  </reporter-output>
  <suite started-at="2020-10-16T15:11:36 EDT" name="Default suite" finished-at="2020-10-16T15:11:37 EDT" duration-ms="69">
    <groups>
    </groups>
    <test started-at="2020-10-16T15:11:36 EDT" name="Default test" finished-at="2020-10-16T15:11:37 EDT" duration-ms="69">
      <class name="IFrameVerify">
        <test-method signature="testFrames()[pri:0, instance:IFrameVerify@41c2284a]" started-at="2020-10-16T15:11:36 EDT" name="testFrames" finished-at="2020-10-16T15:11:37 EDT" duration-ms="12" status="PASS">
          <reporter-output>
          </reporter-output>
        </test-method> <!-- testFrames -->
      </class> <!-- IFrameVerify -->
    </test> <!-- Default test -->
  </suite> <!-- Default suite -->
</testng-results>
