<?xml version="1.0" encoding="UTF-8"?>
<testng-results ignored="0" total="15" passed="13" failed="2" skipped="0">
  <reporter-output>
  </reporter-output>
  <suite started-at="2020-11-04T17:28:38 EST" name="Loan Department" finished-at="2020-11-04T17:28:38 EST" duration-ms="136">
    <groups>
      <group name="Smoke">
        <method signature="Demo3.NinthTC()[pri:0, instance:Demo3@2525ff7e]" name="NinthTC" class="Demo3"/>
        <method signature="Demo2.FifthTC()[pri:0, instance:Demo2@61d6015a]" name="FifthTC" class="Demo2"/>
        <method signature="DemoTC.SecondTC()[pri:0, instance:DemoTC@2e1d27ba]" name="SecondTC" class="DemoTC"/>
      </group> <!-- Smoke -->
    </groups>
    <test started-at="2020-11-04T17:28:38 EST" name="Demo Test" finished-at="2020-11-04T17:28:38 EST" duration-ms="136">
      <class name="Demo2">
        <test-method signature="Car2TC()[pri:0, instance:Demo2@61d6015a]" started-at="2020-11-04T17:28:38 EST" name="Car2TC" finished-at="2020-11-04T17:28:38 EST" duration-ms="1" status="PASS">
          <reporter-output>
          </reporter-output>
        </test-method> <!-- Car2TC -->
        <test-method signature="FourthTC(java.lang.String, java.lang.String)[pri:0, instance:Demo2@61d6015a]" started-at="2020-11-04T17:28:38 EST" name="FourthTC" finished-at="2020-11-04T17:28:38 EST" duration-ms="0" status="FAIL">
          <exception class="org.testng.TestNGException">
            <message>
              <![CDATA[
Parameter 'URL' is required by @Test on method FourthTC but has not been marked @Optional or defined
in C:\Users\sidpw\eclipse-workspace\TestNG_Project\testng3.xml]]>
            </message>
            <full-stacktrace>
              <![CDATA[org.testng.TestNGException: 
Parameter 'URL' is required by @Test on method FourthTC but has not been marked @Optional or defined
in C:\Users\sidpw\eclipse-workspace\TestNG_Project\testng3.xml
at org.testng.internal.Parameters.createParams(Parameters.java:268)
at org.testng.internal.Parameters.createParametersForMethod(Parameters.java:356)
at org.testng.internal.Parameters.createParameters(Parameters.java:700)
at org.testng.internal.Parameters.handleParameters(Parameters.java:875)
at org.testng.internal.Parameters.handleParameters(Parameters.java:740)
at org.testng.internal.ParameterHandler.handleParameters(ParameterHandler.java:59)
at org.testng.internal.ParameterHandler.createParameters(ParameterHandler.java:38)
at org.testng.internal.TestInvoker$MethodInvocationAgent.invoke(TestInvoker.java:789)
at org.testng.internal.TestInvoker.invokeTestMethods(TestInvoker.java:147)
at org.testng.internal.TestMethodWorker.invokeTestMethods(TestMethodWorker.java:146)
at org.testng.internal.TestMethodWorker.run(TestMethodWorker.java:128)
at java.base/java.util.ArrayList.forEach(ArrayList.java:1511)
at org.testng.TestRunner.privateRun(TestRunner.java:764)
at org.testng.TestRunner.run(TestRunner.java:585)
at org.testng.SuiteRunner.runTest(SuiteRunner.java:384)
at org.testng.SuiteRunner.runSequentially(SuiteRunner.java:378)
at org.testng.SuiteRunner.privateRun(SuiteRunner.java:337)
at org.testng.SuiteRunner.run(SuiteRunner.java:286)
at org.testng.SuiteRunnerWorker.runSuite(SuiteRunnerWorker.java:53)
at org.testng.SuiteRunnerWorker.run(SuiteRunnerWorker.java:96)
at org.testng.TestNG.runSuitesSequentially(TestNG.java:1218)
at org.testng.TestNG.runSuitesLocally(TestNG.java:1140)
at org.testng.TestNG.runSuites(TestNG.java:1069)
at org.testng.TestNG.run(TestNG.java:1037)
at org.testng.remote.AbstractRemoteTestNG.run(AbstractRemoteTestNG.java:115)
at org.testng.remote.RemoteTestNG.initAndRun(RemoteTestNG.java:251)
at org.testng.remote.RemoteTestNG.main(RemoteTestNG.java:77)
]]>
            </full-stacktrace>
          </exception> <!-- org.testng.TestNGException -->
          <reporter-output>
          </reporter-output>
        </test-method> <!-- FourthTC -->
        <test-method signature="SixthTC()[pri:0, instance:Demo2@61d6015a]" started-at="2020-11-04T17:28:38 EST" name="SixthTC" finished-at="2020-11-04T17:28:38 EST" duration-ms="9" status="PASS">
          <reporter-output>
          </reporter-output>
        </test-method> <!-- SixthTC -->
        <test-method signature="FifthTC()[pri:0, instance:Demo2@61d6015a]" started-at="2020-11-04T17:28:38 EST" name="FifthTC" finished-at="2020-11-04T17:28:38 EST" duration-ms="3" status="PASS">
          <reporter-output>
          </reporter-output>
        </test-method> <!-- FifthTC -->
        <test-method signature="API2TC()[pri:0, instance:Demo2@61d6015a]" started-at="2020-11-04T17:28:38 EST" name="API2TC" finished-at="2020-11-04T17:28:38 EST" depends-on-methods="Demo2.SixthTC" duration-ms="1" status="PASS">
          <reporter-output>
          </reporter-output>
        </test-method> <!-- API2TC -->
      </class> <!-- Demo2 -->
      <class name="Demo3">
        <test-method signature="API3TC()[pri:0, instance:Demo3@2525ff7e]" started-at="2020-11-04T17:28:38 EST" name="API3TC" finished-at="2020-11-04T17:28:38 EST" duration-ms="1" status="PASS">
          <reporter-output>
          </reporter-output>
        </test-method> <!-- API3TC -->
        <test-method is-config="true" signature="EightTC()[pri:0, instance:Demo3@2525ff7e]" started-at="2020-11-04T17:28:38 EST" name="EightTC" finished-at="2020-11-04T17:28:38 EST" duration-ms="1" status="PASS">
          <reporter-output>
          </reporter-output>
        </test-method> <!-- EightTC -->
        <test-method signature="NinthTC()[pri:0, instance:Demo3@2525ff7e]" started-at="2020-11-04T17:28:38 EST" name="NinthTC" finished-at="2020-11-04T17:28:38 EST" duration-ms="1" status="PASS">
          <reporter-output>
          </reporter-output>
        </test-method> <!-- NinthTC -->
        <test-method is-config="true" signature="EightTC()[pri:0, instance:Demo3@2525ff7e]" started-at="2020-11-04T17:28:38 EST" name="EightTC" finished-at="2020-11-04T17:28:38 EST" duration-ms="1" status="PASS">
          <reporter-output>
          </reporter-output>
        </test-method> <!-- EightTC -->
        <test-method signature="SeventhTC(java.lang.String, java.lang.String)[pri:0, instance:Demo3@2525ff7e]" started-at="2020-11-04T17:28:38 EST" name="SeventhTC" data-provider="getData" finished-at="2020-11-04T17:28:38 EST" duration-ms="2" status="PASS">
          <params>
            <param index="0">
              <value>
                <![CDATA[firstusername]]>
              </value>
            </param>
            <param index="1">
              <value>
                <![CDATA[firstpassword]]>
              </value>
            </param>
          </params>
          <reporter-output>
          </reporter-output>
        </test-method> <!-- SeventhTC -->
        <test-method is-config="true" signature="EightTC()[pri:0, instance:Demo3@2525ff7e]" started-at="2020-11-04T17:28:38 EST" name="EightTC" finished-at="2020-11-04T17:28:38 EST" duration-ms="1" status="PASS">
          <reporter-output>
          </reporter-output>
        </test-method> <!-- EightTC -->
        <test-method signature="SeventhTC(java.lang.String, java.lang.String)[pri:0, instance:Demo3@2525ff7e]" started-at="2020-11-04T17:28:38 EST" name="SeventhTC" data-provider="getData" finished-at="2020-11-04T17:28:38 EST" duration-ms="1" status="PASS">
          <params>
            <param index="0">
              <value>
                <![CDATA[Secondusername]]>
              </value>
            </param>
            <param index="1">
              <value>
                <![CDATA[Secondpassword]]>
              </value>
            </param>
          </params>
          <reporter-output>
          </reporter-output>
        </test-method> <!-- SeventhTC -->
        <test-method is-config="true" signature="EightTC()[pri:0, instance:Demo3@2525ff7e]" started-at="2020-11-04T17:28:38 EST" name="EightTC" finished-at="2020-11-04T17:28:38 EST" duration-ms="0" status="PASS">
          <reporter-output>
          </reporter-output>
        </test-method> <!-- EightTC -->
        <test-method signature="SeventhTC(java.lang.String, java.lang.String)[pri:0, instance:Demo3@2525ff7e]" started-at="2020-11-04T17:28:38 EST" name="SeventhTC" data-provider="getData" finished-at="2020-11-04T17:28:38 EST" duration-ms="2" status="PASS">
          <params>
            <param index="0">
              <value>
                <![CDATA[Thirdusername]]>
              </value>
            </param>
            <param index="1">
              <value>
                <![CDATA[Thirdpassword]]>
              </value>
            </param>
          </params>
          <reporter-output>
          </reporter-output>
        </test-method> <!-- SeventhTC -->
        <test-method is-config="true" signature="EightTC()[pri:0, instance:Demo3@2525ff7e]" started-at="2020-11-04T17:28:38 EST" name="EightTC" finished-at="2020-11-04T17:28:38 EST" duration-ms="0" status="PASS">
          <reporter-output>
          </reporter-output>
        </test-method> <!-- EightTC -->
        <test-method is-config="true" signature="Car3TC()[pri:0, instance:Demo3@2525ff7e]" started-at="2020-11-04T17:28:38 EST" name="Car3TC" finished-at="2020-11-04T17:28:38 EST" duration-ms="1" status="PASS">
          <reporter-output>
          </reporter-output>
        </test-method> <!-- Car3TC -->
      </class> <!-- Demo3 -->
      <class name="DemoTC">
        <test-method signature="API1TC()[pri:0, instance:DemoTC@2e1d27ba]" started-at="2020-11-04T17:28:38 EST" name="API1TC" finished-at="2020-11-04T17:28:38 EST" duration-ms="9" status="PASS">
          <reporter-output>
          </reporter-output>
        </test-method> <!-- API1TC -->
        <test-method signature="Car1TC()[pri:0, instance:DemoTC@2e1d27ba]" started-at="2020-11-04T17:28:38 EST" name="Car1TC" finished-at="2020-11-04T17:28:38 EST" duration-ms="1" status="PASS">
          <reporter-output>
          </reporter-output>
        </test-method> <!-- Car1TC -->
        <test-method signature="FirstTC()[pri:0, instance:DemoTC@2e1d27ba]" started-at="2020-11-04T17:28:38 EST" name="FirstTC" finished-at="2020-11-04T17:28:38 EST" duration-ms="4" status="FAIL">
          <exception class="java.lang.AssertionError">
            <message>
              <![CDATA[expected [true] but found [false]]]>
            </message>
            <full-stacktrace>
              <![CDATA[java.lang.AssertionError: expected [true] but found [false]
at org.testng.Assert.fail(Assert.java:99)
at org.testng.Assert.failNotEquals(Assert.java:1037)
at org.testng.Assert.assertTrue(Assert.java:45)
at org.testng.Assert.assertTrue(Assert.java:55)
at DemoTC.FirstTC(DemoTC.java:9)
at java.base/jdk.internal.reflect.NativeMethodAccessorImpl.invoke0(Native Method)
at java.base/jdk.internal.reflect.NativeMethodAccessorImpl.invoke(NativeMethodAccessorImpl.java:62)
at java.base/jdk.internal.reflect.DelegatingMethodAccessorImpl.invoke(DelegatingMethodAccessorImpl.java:43)
at java.base/java.lang.reflect.Method.invoke(Method.java:564)
at org.testng.internal.MethodInvocationHelper.invokeMethod(MethodInvocationHelper.java:132)
at org.testng.internal.TestInvoker.invokeMethod(TestInvoker.java:599)
at org.testng.internal.TestInvoker.invokeTestMethod(TestInvoker.java:174)
at org.testng.internal.MethodRunner.runInSequence(MethodRunner.java:46)
at org.testng.internal.TestInvoker$MethodInvocationAgent.invoke(TestInvoker.java:822)
at org.testng.internal.TestInvoker.invokeTestMethods(TestInvoker.java:147)
at org.testng.internal.TestMethodWorker.invokeTestMethods(TestMethodWorker.java:146)
at org.testng.internal.TestMethodWorker.run(TestMethodWorker.java:128)
at java.base/java.util.ArrayList.forEach(ArrayList.java:1511)
at org.testng.TestRunner.privateRun(TestRunner.java:764)
at org.testng.TestRunner.run(TestRunner.java:585)
at org.testng.SuiteRunner.runTest(SuiteRunner.java:384)
at org.testng.SuiteRunner.runSequentially(SuiteRunner.java:378)
at org.testng.SuiteRunner.privateRun(SuiteRunner.java:337)
at org.testng.SuiteRunner.run(SuiteRunner.java:286)
at org.testng.SuiteRunnerWorker.runSuite(SuiteRunnerWorker.java:53)
at org.testng.SuiteRunnerWorker.run(SuiteRunnerWorker.java:96)
at org.testng.TestNG.runSuitesSequentially(TestNG.java:1218)
at org.testng.TestNG.runSuitesLocally(TestNG.java:1140)
at org.testng.TestNG.runSuites(TestNG.java:1069)
at org.testng.TestNG.run(TestNG.java:1037)
at org.testng.remote.AbstractRemoteTestNG.run(AbstractRemoteTestNG.java:115)
at org.testng.remote.RemoteTestNG.initAndRun(RemoteTestNG.java:251)
at org.testng.remote.RemoteTestNG.main(RemoteTestNG.java:77)
]]>
            </full-stacktrace>
          </exception> <!-- java.lang.AssertionError -->
          <reporter-output>
          </reporter-output>
        </test-method> <!-- FirstTC -->
        <test-method signature="SecondTC()[pri:0, instance:DemoTC@2e1d27ba]" started-at="2020-11-04T17:28:38 EST" name="SecondTC" finished-at="2020-11-04T17:28:38 EST" duration-ms="2" status="PASS">
          <reporter-output>
          </reporter-output>
        </test-method> <!-- SecondTC -->
        <test-method signature="ThirdTC()[pri:0, instance:DemoTC@2e1d27ba]" started-at="2020-11-04T17:28:38 EST" name="ThirdTC" finished-at="2020-11-04T17:28:38 EST" duration-ms="2" status="PASS">
          <reporter-output>
          </reporter-output>
        </test-method> <!-- ThirdTC -->
      </class> <!-- DemoTC -->
    </test> <!-- Demo Test -->
  </suite> <!-- Loan Department -->
</testng-results>
